<?xml version="1.0" encoding="UTF-8"?>
<!-- Generated by org.testng.reporters.JUnitReportReporter -->
<testsuite hostname="DESKTOP-AD44IUN" failures="0" tests="1" name="testcases.HomePageLogs" time="11.128" errors="0" timestamp="2023-09-16T08:11:31 IST" skipped="0">
  <testcase classname="testcases.HomePageLogs" name="google" time="11.128"/>
</testsuite> <!-- testcases.HomePageLogs -->
